<?xml version="1.0" encoding="UTF-8"?>
<!-- Generated by org.testng.reporters.JUnitXMLReporter -->
<testsuite hostname="怎么那么肥" ignored="0" name="Test" tests="3" failures="1" timestamp="05 九月 2018 11:48:58 GMT" time="59.628" errors="0">
  <testcase name="zhuce163" time="15.22" classname="com.crazy.webdriver.Testcase.Zhuce163mail">
    <skipped/>
  </testcase> <!-- zhuce163 -->
  <testcase name="zhuce163" time="14.594" classname="com.crazy.webdriver.Testcase.Zhuce163mail">
    <skipped/>
  </testcase> <!-- zhuce163 -->
  <testcase name="zhuce163" time="14.362" classname="com.crazy.webdriver.Testcase.Zhuce163mail">
    <failure type="org.openqa.selenium.TimeoutException" message="Expected condition failed: waiting for presence of element located by: By.xpath: //*[@id=&amp;quot;m_mainAcode&amp;quot;]/span1111111 (tried for 5 second(s) with 500 MILLISECONDS interval)">
      <![CDATA[org.openqa.selenium.TimeoutException: Expected condition failed: waiting for presence of element located by: By.xpath: //*[@id="m_mainAcode"]/span1111111 (tried for 5 second(s) with 500 MILLISECONDS interval)at org.openqa.selenium.support.ui.WebDriverWait.timeoutException(WebDriverWait.java:82)at org.openqa.selenium.support.ui.FluentWait.until(FluentWait.java:231)at com.crazy.webdriver.base.WebDriverBase.xianshiWaitByTime(WebDriverBase.java:258)at com.crazy.webdriver.Testcase.Zhuce163mail.zhuce163(Zhuce163mail.java:63)Caused by: org.openqa.selenium.NoSuchElementException: Cannot locate an element using By.xpath: //*[@id="m_mainAcode"]/span1111111For documentation on this error, please visit: http://seleniumhq.org/exceptions/no_such_element.htmlBuild info: version: '3.9.0', revision: '698b3178f0', time: '2018-02-05T14:56:06.3Z'System info: host: '怎么那么肥', ip: '169.254.82.123', os.name: 'Windows 10', os.arch: 'amd64', os.version: '10.0', java.version: '1.8.0_151'Driver info: driver.version: unknownat org.openqa.selenium.support.ui.ExpectedConditions.lambda$findElement$0(ExpectedConditions.java:896)at java.util.Optional.orElseThrow(Unknown Source)at org.openqa.selenium.support.ui.ExpectedConditions.findElement(ExpectedConditions.java:895)at org.openqa.selenium.support.ui.ExpectedConditions.access$000(ExpectedConditions.java:44)at org.openqa.selenium.support.ui.ExpectedConditions$6.apply(ExpectedConditions.java:183)at org.openqa.selenium.support.ui.ExpectedConditions$6.apply(ExpectedConditions.java:180)at org.openqa.selenium.support.ui.FluentWait.until(FluentWait.java:208)... 27 more... Removed 25 stack frames]]>
    </failure>
  </testcase> <!-- zhuce163 -->
</testsuite> <!-- Test -->
